2016-05-13 06:22:23,347 INFO 迭代完成。
2016-05-13 06:22:23,347 DEBUG 计算文章-主题分布
2016-05-13 06:22:24,380 DEBUG 计算词-主题分布
2016-05-13 06:22:24,382 DEBUG 保存模型
2016-05-13 06:22:24,382 INFO 文章-主题分布已保存到/home/houzhuo1994cs/PycharmProjects/python_lda/data/tmp/model_theta.dat
2016-05-13 06:22:31,441 INFO 词-主题分布已保存到/home/houzhuo1994cs/PycharmProjects/python_lda/data/tmp/model_phi.dat
2016-05-13 06:22:31,988 INFO 参数设置已保存到/home/houzhuo1994cs/PycharmProjects/python_lda/data/tmp/model_parameter.dat
2016-05-13 06:22:31,988 INFO 主题topN词已保存到/home/houzhuo1994cs/PycharmProjects/python_lda/data/tmp/model_twords.dat
2016-05-13 06:22:42,506 INFO 文章-词-主题分派结果已保存到/home/houzhuo1994cs/PycharmProjects/python_lda/data/tmp/model_tassign.dat
2016-05-13 06:22:43,814 INFO 模型训练完成。
2016-05-13 08:37:27,102 INFO 载入数据......
2016-05-13 08:37:27,145 DEBUG 载入完成,准备生成字典对象和统计文本数据...
2016-05-13 08:37:28,244 INFO 共有130935个文档
2016-05-13 08:37:28,309 INFO 词与序号对应关系已保存到/home/houzhuo1994cs/PycharmProjects/python_lda/data/tmp/wordidmap.dat
2016-05-13 09:21:52,978 INFO 迭代完成。
2016-05-13 09:21:52,978 DEBUG 计算文章-主题分布
2016-05-13 09:21:53,740 DEBUG 计算词-主题分布
2016-05-13 09:21:53,741 DEBUG 保存模型
2016-05-13 09:21:53,741 INFO 文章-主题分布已保存到/home/houzhuo1994cs/PycharmProjects/python_lda/data/tmp/model_theta.dat
2016-05-13 09:21:57,539 INFO 词-主题分布已保存到/home/houzhuo1994cs/PycharmProjects/python_lda/data/tmp/model_phi.dat
2016-05-13 09:21:57,819 INFO 参数设置已保存到/home/houzhuo1994cs/PycharmProjects/python_lda/data/tmp/model_parameter.dat
2016-05-13 09:21:57,819 INFO 主题topN词已保存到/home/houzhuo1994cs/PycharmProjects/python_lda/data/tmp/model_twords.dat
2016-05-13 09:22:03,891 INFO 文章-词-主题分派结果已保存到/home/houzhuo1994cs/PycharmProjects/python_lda/data/tmp/model_tassign.dat
2016-05-13 09:22:05,262 INFO 模型训练完成。
